0 info it worked if it ends with ok
1 verbose cli [ 'c:\\Program Files (x86)\\nodejs\\node.exe',
1 verbose cli   'c:\\Program Files (x86)\\nodejs\\node_modules\\npm\\bin\\npm-cli.js',
1 verbose cli   'run',
1 verbose cli   'dev' ]
2 info using npm@1.4.3
3 info using node@v0.10.26
4 verbose run-script [ 'predev', 'dev', 'postdev' ]
5 info predev listing-page@0.0.0
6 info dev listing-page@0.0.0
7 verbose unsafe-perm in lifecycle true
8 info listing-page@0.0.0 Failed to exec dev script
9 error listing-page@0.0.0 dev: `gulp dev`
9 error Exit status 8
10 error Failed at the listing-page@0.0.0 dev script.
10 error This is most likely a problem with the listing-page package,
10 error not with npm itself.
10 error Tell the author that this fails on your system:
10 error     gulp dev
10 error You can get their info via:
10 error     npm owner ls listing-page
10 error There is likely additional logging output above.
11 error System Windows_NT 6.1.7601
12 error command "c:\\Program Files (x86)\\nodejs\\node.exe" "c:\\Program Files (x86)\\nodejs\\node_modules\\npm\\bin\\npm-cli.js" "run" "dev"
13 error cwd c:\Users\Lionel\Travail\bonitasoft\bonita-custom-page-seed
14 error node -v v0.10.26
15 error npm -v 1.4.3
16 error code ELIFECYCLE
17 verbose exit [ 1, true ]
